<?xml version="1.0" encoding="UTF-8"?>
<testng-results ignored="0" total="3" passed="3" failed="0" skipped="0">
  <reporter-output>
  </reporter-output>
  <suite started-at="2025-11-13T15:36:34 IST" name="Default suite" finished-at="2025-11-13T15:36:59 IST" duration-ms="24252">
    <groups>
    </groups>
    <test started-at="2025-11-13T15:36:34 IST" name="Default test" finished-at="2025-11-13T15:36:59 IST" duration-ms="24252">
      <class name="runTest.SignUpTestRunner">
        <test-method is-config="true" signature="setUp()[pri:0, instance:runTest.SignUpTestRunner@73a1e9a9]" started-at="2025-11-13T15:36:35 IST" name="setUp" finished-at="2025-11-13T15:36:39 IST" duration-ms="4934" status="PASS">
          <reporter-output>
          </reporter-output>
        </test-method> <!-- setUp -->
        <test-method signature="continueWithGoogle()[pri:0, instance:runTest.SignUpTestRunner@73a1e9a9]" started-at="2025-11-13T15:36:39 IST" name="continueWithGoogle" finished-at="2025-11-13T15:36:40 IST" duration-ms="241" status="PASS">
          <reporter-output>
          </reporter-output>
        </test-method> <!-- continueWithGoogle -->
        <test-method is-config="true" signature="setUp()[pri:0, instance:runTest.SignUpTestRunner@73a1e9a9]" started-at="2025-11-13T15:36:40 IST" name="setUp" finished-at="2025-11-13T15:36:46 IST" duration-ms="6641" status="PASS">
          <reporter-output>
          </reporter-output>
        </test-method> <!-- setUp -->
        <test-method signature="forgotpwd()[pri:0, instance:runTest.SignUpTestRunner@73a1e9a9]" started-at="2025-11-13T15:36:46 IST" name="forgotpwd" finished-at="2025-11-13T15:36:49 IST" duration-ms="2715" status="PASS">
          <reporter-output>
          </reporter-output>
        </test-method> <!-- forgotpwd -->
        <test-method is-config="true" signature="setUp()[pri:0, instance:runTest.SignUpTestRunner@73a1e9a9]" started-at="2025-11-13T15:36:49 IST" name="setUp" finished-at="2025-11-13T15:36:56 IST" duration-ms="7069" status="PASS">
          <reporter-output>
          </reporter-output>
        </test-method> <!-- setUp -->
        <test-method signature="login()[pri:0, instance:runTest.SignUpTestRunner@73a1e9a9]" started-at="2025-11-13T15:36:56 IST" name="login" finished-at="2025-11-13T15:36:59 IST" duration-ms="2590" status="PASS">
          <reporter-output>
          </reporter-output>
        </test-method> <!-- login -->
      </class> <!-- runTest.SignUpTestRunner -->
    </test> <!-- Default test -->
  </suite> <!-- Default suite -->
</testng-results>
