<?xml version="1.0" encoding="UTF-8"?>
<!-- Generated by org.testng.reporters.JUnitXMLReporter -->
<testsuite ignored="0" hostname="DELL" failures="0" tests="3" name="Default test" time="24.252" errors="0" timestamp="2025-11-13T15:36:59 IST">
  <testcase classname="runTest.SignUpTestRunner" name="continueWithGoogle" time="0.241"/>
  <testcase classname="runTest.SignUpTestRunner" name="forgotpwd" time="2.715"/>
  <testcase classname="runTest.SignUpTestRunner" name="login" time="2.59"/>
</testsuite> <!-- Default test -->
