<?xml version="1.0" encoding="UTF-8"?>
<!-- Generated by org.testng.reporters.JUnitReportReporter -->
<testsuite hostname="DELL" failures="0" tests="3" name="runTest.SignUpTestRunner" time="24.190" errors="0" timestamp="2025-11-13T15:36:59 IST" skipped="0">
  <testcase classname="runTest.SignUpTestRunner" name="forgotpwd" time="7.649"/>
  <testcase classname="runTest.SignUpTestRunner" name="login" time="9.659"/>
  <testcase classname="runTest.SignUpTestRunner" name="continueWithGoogle" time="6.882"/>
</testsuite> <!-- runTest.SignUpTestRunner -->
